# JRE version: OpenJDK Runtime Environment (8.0_131-b12) (build 1.8.0_131-b12)
# Java VM: OpenJDK 64-Bit Server VM (25.131-b12 mixed mode linux-amd64 compressed oops)
Heap:
 PSYoungGen      total 174080K, used 20813K [0x00000000e0000000, 0x00000000eaa80000, 0x0000000100000000)
  eden space 173056K, 11% used [0x00000000e0000000,0x00000000e142b4e8,0x00000000ea900000)
  from space 1024K, 15% used [0x00000000ea980000,0x00000000ea9a8000,0x00000000eaa80000)
  to   space 512K, 0% used [0x00000000ea900000,0x00000000ea900000,0x00000000ea980000)
 ParOldGen       total 534016K, used 172618K [0x00000000a0000000, 0x00000000c0980000, 0x00000000e0000000)
  object space 534016K, 32% used [0x00000000a0000000,0x00000000aa892818,0x00000000c0980000)
 Metaspace       used 77610K, capacity 78368K, committed 78616K, reserved 1116160K
  class space    used 12520K, capacity 12764K, committed 12848K, reserved 1048576K
GC Heap History (10 events):
Event: 1244.979 GC heap before
{Heap before GC invocations=175 (full 3):
 PSYoungGen      total 173568K, used 172576K [0x00000000e0000000, 0x00000000eaa80000, 0x0000000100000000)
  eden space 172544K, 100% used [0x00000000e0000000,0x00000000ea880000,0x00000000ea880000)
  from space 1024K, 3% used [0x00000000ea880000,0x00000000ea888000,0x00000000ea980000)
  to   space 1024K, 0% used [0x00000000ea980000,0x00000000ea980000,0x00000000eaa80000)
 ParOldGen       total 534016K, used 172618K [0x00000000a0000000, 0x00000000c0980000, 0x00000000e0000000)
  object space 534016K, 32% used [0x00000000a0000000,0x00000000aa892818,0x00000000c0980000)
 Metaspace       used 77591K, capacity 78368K, committed 78616K, reserved 1116160K
  class space    used 12520K, capacity 12764K, committed 12848K, reserved 1048576K
Event: 1244.983 GC heap after
Heap after GC invocations=175 (full 3):
 PSYoungGen      total 173568K, used 96K [0x00000000e0000000, 0x00000000eaa80000, 0x0000000100000000)
  eden space 172544K, 0% used [0x00000000e0000000,0x00000000e0000000,0x00000000ea880000)
  from space 1024K, 9% used [0x00000000ea980000,0x00000000ea998000,0x00000000eaa80000)
  to   space 1024K, 0% used [0x00000000ea880000,0x00000000ea880000,0x00000000ea980000)
 ParOldGen       total 534016K, used 172618K [0x00000000a0000000, 0x00000000c0980000, 0x00000000e0000000)
  object space 534016K, 32% used [0x00000000a0000000,0x00000000aa892818,0x00000000c0980000)
 Metaspace       used 77591K, capacity 78368K, committed 78616K, reserved 1116160K
  class space    used 12520K, capacity 12764K, committed 12848K, reserved 1048576K
}
Event: 1246.673 GC heap before
{Heap before GC invocations=176 (full 3):
 PSYoungGen      total 173568K, used 172640K [0x00000000e0000000, 0x00000000eaa80000, 0x0000000100000000)
  eden space 172544K, 100% used [0x00000000e0000000,0x00000000ea880000,0x00000000ea880000)
  from space 1024K, 9% used [0x00000000ea980000,0x00000000ea998000,0x00000000eaa80000)
  to   space 1024K, 0% used [0x00000000ea880000,0x00000000ea880000,0x00000000ea980000)
 ParOldGen       total 534016K, used 172618K [0x00000000a0000000, 0x00000000c0980000, 0x00000000e0000000)
  object space 534016K, 32% used [0x00000000a0000000,0x00000000aa892818,0x00000000c0980000)
 Metaspace       used 77591K, capacity 78368K, committed 78616K, reserved 1116160K
  class space    used 12520K, capacity 12764K, committed 12848K, reserved 1048576K
Event: 1246.675 GC heap after
Heap after GC invocations=176 (full 3):
 PSYoungGen      total 173568K, used 127K [0x00000000e0000000, 0x00000000eaa80000, 0x0000000100000000)
  eden space 172544K, 0% used [0x00000000e0000000,0x00000000e0000000,0x00000000ea880000)
  from space 1024K, 12% used [0x00000000ea880000,0x00000000ea89fd10,0x00000000ea980000)
  to   space 1024K, 0% used [0x00000000ea980000,0x00000000ea980000,0x00000000eaa80000)
 ParOldGen       total 534016K, used 172618K [0x00000000a0000000, 0x00000000c0980000, 0x00000000e0000000)
  object space 534016K, 32% used [0x00000000a0000000,0x00000000aa892818,0x00000000c0980000)
 Metaspace       used 77591K, capacity 78368K, committed 78616K, reserved 1116160K
  class space    used 12520K, capacity 12764K, committed 12848K, reserved 1048576K
}
Event: 1248.340 GC heap before
{Heap before GC invocations=177 (full 3):
 PSYoungGen      total 173568K, used 172671K [0x00000000e0000000, 0x00000000eaa80000, 0x0000000100000000)
  eden space 172544K, 100% used [0x00000000e0000000,0x00000000ea880000,0x00000000ea880000)
  from space 1024K, 12% used [0x00000000ea880000,0x00000000ea89fd10,0x00000000ea980000)
  to   space 1024K, 0% used [0x00000000ea980000,0x00000000ea980000,0x00000000eaa80000)
 ParOldGen       total 534016K, used 172618K [0x00000000a0000000, 0x00000000c0980000, 0x00000000e0000000)
  object space 534016K, 32% used [0x00000000a0000000,0x00000000aa892818,0x00000000c0980000)
 Metaspace       used 77591K, capacity 78368K, committed 78616K, reserved 1116160K
  class space    used 12520K, capacity 12764K, committed 12848K, reserved 1048576K
Event: 1248.342 GC heap after
Heap after GC invocations=177 (full 3):
 PSYoungGen      total 173568K, used 158K [0x00000000e0000000, 0x00000000eaa80000, 0x0000000100000000)
  eden space 172544K, 0% used [0x00000000e0000000,0x00000000e0000000,0x00000000ea880000)
  from space 1024K, 15% used [0x00000000ea980000,0x00000000ea9a7a28,0x00000000eaa80000)
  to   space 1024K, 0% used [0x00000000ea880000,0x00000000ea880000,0x00000000ea980000)
 ParOldGen       total 534016K, used 172618K [0x00000000a0000000, 0x00000000c0980000, 0x00000000e0000000)
  object space 534016K, 32% used [0x00000000a0000000,0x00000000aa892818,0x00000000c0980000)
 Metaspace       used 77591K, capacity 78368K, committed 78616K, reserved 1116160K
  class space    used 12520K, capacity 12764K, committed 12848K, reserved 1048576K
}
Event: 1249.973 GC heap before
{Heap before GC invocations=178 (full 3):
 PSYoungGen      total 173568K, used 172702K [0x00000000e0000000, 0x00000000eaa80000, 0x0000000100000000)
  eden space 172544K, 100% used [0x00000000e0000000,0x00000000ea880000,0x00000000ea880000)
  from space 1024K, 15% used [0x00000000ea980000,0x00000000ea9a7a28,0x00000000eaa80000)
  to   space 1024K, 0% used [0x00000000ea880000,0x00000000ea880000,0x00000000ea980000)
 ParOldGen       total 534016K, used 172618K [0x00000000a0000000, 0x00000000c0980000, 0x00000000e0000000)
  object space 534016K, 32% used [0x00000000a0000000,0x00000000aa892818,0x00000000c0980000)
 Metaspace       used 77591K, capacity 78368K, committed 78616K, reserved 1116160K
  class space    used 12520K, capacity 12764K, committed 12848K, reserved 1048576K
Event: 1249.975 GC heap after
Heap after GC invocations=178 (full 3):
 PSYoungGen      total 173568K, used 159K [0x00000000e0000000, 0x00000000eaa80000, 0x0000000100000000)
  eden space 172544K, 0% used [0x00000000e0000000,0x00000000e0000000,0x00000000ea880000)
  from space 1024K, 15% used [0x00000000ea880000,0x00000000ea8a7d10,0x00000000ea980000)
  to   space 1024K, 0% used [0x00000000ea980000,0x00000000ea980000,0x00000000eaa80000)
 ParOldGen       total 534016K, used 172618K [0x00000000a0000000, 0x00000000c0980000, 0x00000000e0000000)
  object space 534016K, 32% used [0x00000000a0000000,0x00000000aa892818,0x00000000c0980000)
 Metaspace       used 77591K, capacity 78368K, committed 78616K, reserved 1116160K
  class space    used 12520K, capacity 12764K, committed 12848K, reserved 1048576K
}
Event: 1251.623 GC heap before
{Heap before GC invocations=179 (full 3):
 PSYoungGen      total 173568K, used 172703K [0x00000000e0000000, 0x00000000eaa80000, 0x0000000100000000)
  eden space 172544K, 100% used [0x00000000e0000000,0x00000000ea880000,0x00000000ea880000)
  from space 1024K, 15% used [0x00000000ea880000,0x00000000ea8a7d10,0x00000000ea980000)
  to   space 1024K, 0% used [0x00000000ea980000,0x00000000ea980000,0x00000000eaa80000)
 ParOldGen       total 534016K, used 172618K [0x00000000a0000000, 0x00000000c0980000, 0x00000000e0000000)
  object space 534016K, 32% used [0x00000000a0000000,0x00000000aa892818,0x00000000c0980000)
 Metaspace       used 77592K, capacity 78368K, committed 78616K, reserved 1116160K
  class space    used 12520K, capacity 12764K, committed 12848K, reserved 1048576K
Event: 1251.625 GC heap after
Heap after GC invocations=179 (full 3):
 PSYoungGen      total 174080K, used 160K [0x00000000e0000000, 0x00000000eaa80000, 0x0000000100000000)
  eden space 173056K, 0% used [0x00000000e0000000,0x00000000e0000000,0x00000000ea900000)
  from space 1024K, 15% used [0x00000000ea980000,0x00000000ea9a8000,0x00000000eaa80000)
  to   space 512K, 0% used [0x00000000ea900000,0x00000000ea900000,0x00000000ea980000)
 ParOldGen       total 534016K, used 172618K [0x00000000a0000000, 0x00000000c0980000, 0x00000000e0000000)
  object space 534016K, 32% used [0x00000000a0000000,0x00000000aa892818,0x00000000c0980000)
 Metaspace       used 77592K, capacity 78368K, committed 78616K, reserved 1116160K
  class space    used 12520K, capacity 12764K, committed 12848K, reserved 1048576K
}

