# JRE version: OpenJDK Runtime Environment (8.0_131-b12) (build 1.8.0_131-b12)
# Java VM: OpenJDK 64-Bit Server VM (25.131-b12 mixed mode linux-amd64 compressed oops)
Heap:
 PSYoungGen      total 493568K, used 392911K [0x00000000e0000000, 0x0000000100000000, 0x0000000100000000)
  eden space 462848K, 83% used [0x00000000e0000000,0x00000000f79833c0,0x00000000fc400000)
  from space 30720K, 20% used [0x00000000fc400000,0x00000000fca30960,0x00000000fe200000)
  to   space 30720K, 0% used [0x00000000fe200000,0x00000000fe200000,0x0000000100000000)
 ParOldGen       total 392192K, used 18250K [0x00000000a0000000, 0x00000000b7f00000, 0x00000000e0000000)
  object space 392192K, 4% used [0x00000000a0000000,0x00000000a11d29e0,0x00000000b7f00000)
 Metaspace       used 64268K, capacity 64674K, committed 64944K, reserved 1101824K
  class space    used 11757K, capacity 11904K, committed 11952K, reserved 1048576K
GC Heap History (10 events):
Event: 935.817 GC heap before
{Heap before GC invocations=12 (full 3):
 PSYoungGen      total 494080K, used 478088K [0x00000000e0000000, 0x0000000100000000, 0x0000000100000000)
  eden space 463872K, 100% used [0x00000000e0000000,0x00000000fc500000,0x00000000fc500000)
  from space 30208K, 47% used [0x00000000fe280000,0x00000000ff0623f0,0x0000000100000000)
  to   space 30208K, 0% used [0x00000000fc500000,0x00000000fc500000,0x00000000fe280000)
 ParOldGen       total 392192K, used 18226K [0x00000000a0000000, 0x00000000b7f00000, 0x00000000e0000000)
  object space 392192K, 4% used [0x00000000a0000000,0x00000000a11cc9e0,0x00000000b7f00000)
 Metaspace       used 63189K, capacity 63508K, committed 63792K, reserved 1101824K
  class space    used 11644K, capacity 11774K, committed 11824K, reserved 1048576K
Event: 935.821 GC heap after
Heap after GC invocations=12 (full 3):
 PSYoungGen      total 478208K, used 14216K [0x00000000e0000000, 0x00000000fff00000, 0x0000000100000000)
  eden space 463872K, 0% used [0x00000000e0000000,0x00000000e0000000,0x00000000fc500000)
  from space 14336K, 99% used [0x00000000fc500000,0x00000000fd2e2100,0x00000000fd300000)
  to   space 29696K, 0% used [0x00000000fe200000,0x00000000fe200000,0x00000000fff00000)
 ParOldGen       total 392192K, used 18234K [0x00000000a0000000, 0x00000000b7f00000, 0x00000000e0000000)
  object space 392192K, 4% used [0x00000000a0000000,0x00000000a11ce9e0,0x00000000b7f00000)
 Metaspace       used 63189K, capacity 63508K, committed 63792K, reserved 1101824K
  class space    used 11644K, capacity 11774K, committed 11824K, reserved 1048576K
}
Event: 940.350 GC heap before
{Heap before GC invocations=13 (full 3):
 PSYoungGen      total 478208K, used 478088K [0x00000000e0000000, 0x00000000fff00000, 0x0000000100000000)
  eden space 463872K, 100% used [0x00000000e0000000,0x00000000fc500000,0x00000000fc500000)
  from space 14336K, 99% used [0x00000000fc500000,0x00000000fd2e2100,0x00000000fd300000)
  to   space 29696K, 0% used [0x00000000fe200000,0x00000000fe200000,0x00000000fff00000)
 ParOldGen       total 392192K, used 18234K [0x00000000a0000000, 0x00000000b7f00000, 0x00000000e0000000)
  object space 392192K, 4% used [0x00000000a0000000,0x00000000a11ce9e0,0x00000000b7f00000)
 Metaspace       used 63189K, capacity 63508K, committed 63792K, reserved 1101824K
  class space    used 11644K, capacity 11774K, committed 11824K, reserved 1048576K
Event: 940.353 GC heap after
Heap after GC invocations=13 (full 3):
 PSYoungGen      total 492544K, used 6356K [0x00000000e0000000, 0x0000000100000000, 0x0000000100000000)
  eden space 462848K, 0% used [0x00000000e0000000,0x00000000e0000000,0x00000000fc400000)
  from space 29696K, 21% used [0x00000000fe200000,0x00000000fe8351e0,0x00000000fff00000)
  to   space 30720K, 0% used [0x00000000fc400000,0x00000000fc400000,0x00000000fe200000)
 ParOldGen       total 392192K, used 18242K [0x00000000a0000000, 0x00000000b7f00000, 0x00000000e0000000)
  object space 392192K, 4% used [0x00000000a0000000,0x00000000a11d09e0,0x00000000b7f00000)
 Metaspace       used 63189K, capacity 63508K, committed 63792K, reserved 1101824K
  class space    used 11644K, capacity 11774K, committed 11824K, reserved 1048576K
}
Event: 944.951 GC heap before
{Heap before GC invocations=14 (full 3):
 PSYoungGen      total 492544K, used 469204K [0x00000000e0000000, 0x0000000100000000, 0x0000000100000000)
  eden space 462848K, 100% used [0x00000000e0000000,0x00000000fc400000,0x00000000fc400000)
  from space 29696K, 21% used [0x00000000fe200000,0x00000000fe8351e0,0x00000000fff00000)
  to   space 30720K, 0% used [0x00000000fc400000,0x00000000fc400000,0x00000000fe200000)
 ParOldGen       total 392192K, used 18242K [0x00000000a0000000, 0x00000000b7f00000, 0x00000000e0000000)
  object space 392192K, 4% used [0x00000000a0000000,0x00000000a11d09e0,0x00000000b7f00000)
 Metaspace       used 63189K, capacity 63508K, committed 63792K, reserved 1101824K
  class space    used 11644K, capacity 11774K, committed 11824K, reserved 1048576K
Event: 944.955 GC heap after
Heap after GC invocations=14 (full 3):
 PSYoungGen      total 493568K, used 14216K [0x00000000e0000000, 0x0000000100000000, 0x0000000100000000)
  eden space 462848K, 0% used [0x00000000e0000000,0x00000000e0000000,0x00000000fc400000)
  from space 30720K, 46% used [0x00000000fc400000,0x00000000fd1e2100,0x00000000fe200000)
  to   space 30208K, 0% used [0x00000000fe280000,0x00000000fe280000,0x0000000100000000)
 ParOldGen       total 392192K, used 18242K [0x00000000a0000000, 0x00000000b7f00000, 0x00000000e0000000)
  object space 392192K, 4% used [0x00000000a0000000,0x00000000a11d09e0,0x00000000b7f00000)
 Metaspace       used 63189K, capacity 63508K, committed 63792K, reserved 1101824K
  class space    used 11644K, capacity 11774K, committed 11824K, reserved 1048576K
}
Event: 949.650 GC heap before
{Heap before GC invocations=15 (full 3):
 PSYoungGen      total 493568K, used 477064K [0x00000000e0000000, 0x0000000100000000, 0x0000000100000000)
  eden space 462848K, 100% used [0x00000000e0000000,0x00000000fc400000,0x00000000fc400000)
  from space 30720K, 46% used [0x00000000fc400000,0x00000000fd1e2100,0x00000000fe200000)
  to   space 30208K, 0% used [0x00000000fe280000,0x00000000fe280000,0x0000000100000000)
 ParOldGen       total 392192K, used 18242K [0x00000000a0000000, 0x00000000b7f00000, 0x00000000e0000000)
  object space 392192K, 4% used [0x00000000a0000000,0x00000000a11d09e0,0x00000000b7f00000)
 Metaspace       used 63189K, capacity 63508K, committed 63792K, reserved 1101824K
  class space    used 11644K, capacity 11774K, committed 11824K, reserved 1048576K
Event: 949.653 GC heap after
Heap after GC invocations=15 (full 3):
 PSYoungGen      total 493056K, used 6419K [0x00000000e0000000, 0x0000000100000000, 0x0000000100000000)
  eden space 462848K, 0% used [0x00000000e0000000,0x00000000e0000000,0x00000000fc400000)
  from space 30208K, 21% used [0x00000000fe280000,0x00000000fe8c4ef0,0x0000000100000000)
  to   space 30720K, 0% used [0x00000000fc400000,0x00000000fc400000,0x00000000fe200000)
 ParOldGen       total 392192K, used 18242K [0x00000000a0000000, 0x00000000b7f00000, 0x00000000e0000000)
  object space 392192K, 4% used [0x00000000a0000000,0x00000000a11d09e0,0x00000000b7f00000)
 Metaspace       used 63189K, capacity 63508K, committed 63792K, reserved 1101824K
  class space    used 11644K, capacity 11774K, committed 11824K, reserved 1048576K
}
Event: 1100.986 GC heap before
{Heap before GC invocations=16 (full 3):
 PSYoungGen      total 493056K, used 469267K [0x00000000e0000000, 0x0000000100000000, 0x0000000100000000)
  eden space 462848K, 100% used [0x00000000e0000000,0x00000000fc400000,0x00000000fc400000)
  from space 30208K, 21% used [0x00000000fe280000,0x00000000fe8c4ef0,0x0000000100000000)
  to   space 30720K, 0% used [0x00000000fc400000,0x00000000fc400000,0x00000000fe200000)
 ParOldGen       total 392192K, used 18242K [0x00000000a0000000, 0x00000000b7f00000, 0x00000000e0000000)
  object space 392192K, 4% used [0x00000000a0000000,0x00000000a11d09e0,0x00000000b7f00000)
 Metaspace       used 63397K, capacity 63764K, committed 64176K, reserved 1101824K
  class space    used 11700K, capacity 11838K, committed 11952K, reserved 1048576K
Event: 1100.991 GC heap after
Heap after GC invocations=16 (full 3):
 PSYoungGen      total 493568K, used 6338K [0x00000000e0000000, 0x0000000100000000, 0x0000000100000000)
  eden space 462848K, 0% used [0x00000000e0000000,0x00000000e0000000,0x00000000fc400000)
  from space 30720K, 20% used [0x00000000fc400000,0x00000000fca30960,0x00000000fe200000)
  to   space 30720K, 0% used [0x00000000fe200000,0x00000000fe200000,0x0000000100000000)
 ParOldGen       total 392192K, used 18250K [0x00000000a0000000, 0x00000000b7f00000, 0x00000000e0000000)
  object space 392192K, 4% used [0x00000000a0000000,0x00000000a11d29e0,0x00000000b7f00000)
 Metaspace       used 63397K, capacity 63764K, committed 64176K, reserved 1101824K
  class space    used 11700K, capacity 11838K, committed 11952K, reserved 1048576K
}

